c:\users\bluesky\onedrive\安信工教学\2023~2024\教学程序\c_homework1\c_homework1\debug\vc141.pdb
c:\users\bluesky\onedrive\安信工教学\2023~2024\教学程序\c_homework1\c_homework1\debug\vc141.idb
c:\users\bluesky\onedrive\安信工教学\2023~2024\教学程序\c_homework1\c_homework1\debug\zhangsan.obj
c:\users\bluesky\onedrive\安信工教学\2023~2024\教学程序\c_homework1\c_homework1\debug\shenpeng.obj
c:\users\bluesky\onedrive\安信工教学\2023~2024\教学程序\c_homework1\c_homework1\debug\c_homework1.obj
c:\users\bluesky\onedrive\安信工教学\2023~2024\教学程序\c_homework1\debug\c_homework1.exe
c:\users\bluesky\onedrive\安信工教学\2023~2024\教学程序\c_homework1\debug\c_homework1.ilk
c:\users\bluesky\onedrive\安信工教学\2023~2024\教学程序\c_homework1\debug\c_homework1.pdb
c:\users\sp\onedrive\安信工教学\2023~2024\教学程序\c_homework1\c_homework1\debug\c_homework1.obj
c:\users\sp\onedrive\安信工教学\2023~2024\教学程序\c_homework1\c_homework1\debug\shenpeng.obj
c:\users\sp\onedrive\安信工教学\2023~2024\教学程序\c_homework1\c_homework1\debug\zhangsan.obj
c:\users\sp\onedrive\安信工教学\2023~2024\教学程序\c_homework1\c_homework1\debug\vc141.idb
c:\users\sp\onedrive\安信工教学\2023~2024\教学程序\c_homework1\c_homework1\debug\vc141.pdb
c:\users\sp\onedrive\安信工教学\2023~2024\教学程序\c_homework1\debug\c_homework1.pdb
c:\users\sp\onedrive\安信工教学\2023~2024\教学程序\c_homework1\debug\c_homework1.exe
c:\users\sp\onedrive\安信工教学\2023~2024\教学程序\c_homework1\debug\c_homework1.ilk
c:\users\sp\onedrive\安信工教学\2023~2024\教学程序\c_homework1\c_homework1\debug\c_homework1.tlog\cl.command.1.tlog
c:\users\sp\onedrive\安信工教学\2023~2024\教学程序\c_homework1\c_homework1\debug\c_homework1.tlog\cl.read.1.tlog
c:\users\sp\onedrive\安信工教学\2023~2024\教学程序\c_homework1\c_homework1\debug\c_homework1.tlog\cl.write.1.tlog
c:\users\sp\onedrive\安信工教学\2023~2024\教学程序\c_homework1\c_homework1\debug\c_homework1.tlog\link.command.1.tlog
c:\users\sp\onedrive\安信工教学\2023~2024\教学程序\c_homework1\c_homework1\debug\c_homework1.tlog\link.read.1.tlog
c:\users\sp\onedrive\安信工教学\2023~2024\教学程序\c_homework1\c_homework1\debug\c_homework1.tlog\link.write.1.tlog
